<?xml version="1.0" encoding="UTF-8"?>
<Site BuildName="Linux-g++"
	BuildStamp="20241025-1358-Experimental"
	Name="09c3939301d1"
	Generator="ctest-3.30.3"
	CompilerName="/usr/local/bin/g++"
	CompilerVersion="11.2.0"
	OSName="Linux"
	Hostname="09c3939301d1"
	OSRelease="5.15.153.1-microsoft-standard-WSL2"
	OSVersion="#1 SMP Fri Mar 29 23:14:13 UTC 2024"
	OSPlatform="x86_64"
	Is64Bits="1"
	VendorString="GenuineIntel"
	VendorID="Intel Corporation"
	FamilyID="6"
	ModelID="142"
	ProcessorCacheSize="8192"
	NumberOfLogicalCPU="8"
	NumberOfPhysicalCPU="4"
	TotalVirtualMemory="4096"
	TotalPhysicalMemory="15800"
	LogicalProcessorsPerPhysical="2"
	ProcessorClockFrequency="2304.01"
	>
	<Testing>
		<StartDateTime>Oct 25 13:58 UTC</StartDateTime>
		<StartTestTime>1729864706</StartTestTime>
		<TestList/>
		<EndDateTime>Oct 25 13:58 UTC</EndDateTime>
		<EndTestTime>1729864706</EndTestTime>
		<ElapsedMinutes>0</ElapsedMinutes>
	</Testing>
</Site>
